<?xml version="1.0" encoding="UTF-8"?>
<!-- Generated by org.testng.reporters.JUnitXMLReporter -->
<testsuite hostname="ATMECSINLT-085" ignored="0" name="Test" tests="1" failures="1" timestamp="12 Nov 2019 05:46:25 GMT" time="47.271" errors="0">
  <testcase name="verifyHeatClinic" time="30.233" classname="com.atmecs.validate_ninja_store.testscripts.TestVerifyHeatClinic">
    <failure type="org.openqa.selenium.ElementClickInterceptedException" message="Element not clickable at point (1101,34). Other element would receive the click: &amp;lt;div class=&amp;quot;simplemodal-overlay&amp;quot; id=&amp;quot;simplemodal-overlay&amp;quot; style=&amp;quot;left: 0px; top: 0px; width: 1349px; height: 1395px; position: fixed; z-index: 1001; opacity: 0.5;&amp;quot;&amp;gt;&amp;lt;/div&amp;gt;
Build info: version: &amp;apos;3.141.59&amp;apos;, revision: &amp;apos;e82be7d358&amp;apos;, time: &amp;apos;2018-11-14T08:17:03&amp;apos;
System info: host: &amp;apos;ATMECSINLT-085&amp;apos;, ip: &amp;apos;55.55.53.104&amp;apos;, os.name: &amp;apos;Windows 10&amp;apos;, os.arch: &amp;apos;amd64&amp;apos;, os.version: &amp;apos;10.0&amp;apos;, java.version: &amp;apos;1.8.0_231&amp;apos;
Driver info: org.openqa.selenium.ie.InternetExplorerDriver
Capabilities {acceptInsecureCerts: false, browserName: internet explorer, browserVersion: 11, javascriptEnabled: true, pageLoadStrategy: normal, platform: WINDOWS, platformName: WINDOWS, proxy: Proxy(), se:ieOptions: {browserAttachTimeout: 0, elementScrollBehavior: 0, enablePersistentHover: false, ie.browserCommandLineSwitches: , ie.ensureCleanSession: true, ie.fileUploadDialogTimeout: 3000, ie.forceCreateProcessApi: false, ignoreProtectedModeSettings: true, ignoreZoomSetting: false, initialBrowserUrl: https://www.google.com/, nativeEvents: true, requireWindowFocus: true}, setWindowRect: true, timeouts: {implicit: 0, pageLoad: 300000, script: 30000}}
Session ID: 07dd16e2-e124-44dc-9852-2518791cc0d1">
      <![CDATA[org.openqa.selenium.ElementClickInterceptedException: Element not clickable at point (1101,34). Other element would receive the click: <div class="simplemodal-overlay" id="simplemodal-overlay" style="left: 0px; top: 0px; width: 1349px; height: 1395px; position: fixed; z-index: 1001; opacity: 0.5;"></div>
Build info: version: '3.141.59', revision: 'e82be7d358', time: '2018-11-14T08:17:03'
System info: host: 'ATMECSINLT-085', ip: '55.55.53.104', os.name: 'Windows 10', os.arch: 'amd64', os.version: '10.0', java.version: '1.8.0_231'
Driver info: org.openqa.selenium.ie.InternetExplorerDriver
Capabilities {acceptInsecureCerts: false, browserName: internet explorer, browserVersion: 11, javascriptEnabled: true, pageLoadStrategy: normal, platform: WINDOWS, platformName: WINDOWS, proxy: Proxy(), se:ieOptions: {browserAttachTimeout: 0, elementScrollBehavior: 0, enablePersistentHover: false, ie.browserCommandLineSwitches: , ie.ensureCleanSession: true, ie.fileUploadDialogTimeout: 3000, ie.forceCreateProcessApi: false, ignoreProtectedModeSettings: true, ignoreZoomSetting: false, initialBrowserUrl: https://www.google.com/, nativeEvents: true, requireWindowFocus: true}, setWindowRect: true, timeouts: {implicit: 0, pageLoad: 300000, script: 30000}}
Session ID: 07dd16e2-e124-44dc-9852-2518791cc0d1
at org.openqa.selenium.remote.http.W3CHttpResponseCodec.createException(W3CHttpResponseCodec.java:187)
at org.openqa.selenium.remote.http.W3CHttpResponseCodec.decode(W3CHttpResponseCodec.java:122)
at org.openqa.selenium.remote.http.W3CHttpResponseCodec.decode(W3CHttpResponseCodec.java:49)
at org.openqa.selenium.remote.HttpCommandExecutor.execute(HttpCommandExecutor.java:158)
at org.openqa.selenium.remote.service.DriverCommandExecutor.execute(DriverCommandExecutor.java:83)
at org.openqa.selenium.remote.RemoteWebDriver.execute(RemoteWebDriver.java:552)
at org.openqa.selenium.remote.RemoteWebElement.execute(RemoteWebElement.java:285)
at org.openqa.selenium.remote.RemoteWebElement.click(RemoteWebElement.java:84)
at com.atmecs.validate_ninja_store.helper.SeleniumHelper.clickElement(SeleniumHelper.java:84)
at com.atmecs.validate_ninja_store.testscripts.TestVerifyHeatClinic.verifyHeatClinic(TestVerifyHeatClinic.java:67)
... Removed 29 stack frames]]>
    </failure>
  </testcase> <!-- verifyHeatClinic -->
</testsuite> <!-- Test -->
